<?xml version="1.0" encoding="UTF-8"?>
<testng-results ignored="0" total="1" passed="1" failed="0" skipped="0">
  <reporter-output>
  </reporter-output>
  <suite started-at="2025-03-23T15:47:26 IST" name="Default suite" finished-at="2025-03-23T15:48:32 IST" duration-ms="65885">
    <groups>
      <group name="cucumber">
        <method signature="AbstractTestNGCucumberTests.runScenario(io.cucumber.testng.PickleWrapper,io.cucumber.testng.FeatureWrapper)[pri:0, instance:testRunner.LogoutTestRunner@3214ee6]" name="runScenario" class="io.cucumber.testng.AbstractTestNGCucumberTests"/>
      </group> <!-- cucumber -->
    </groups>
    <test started-at="2025-03-23T15:47:26 IST" name="Default test" finished-at="2025-03-23T15:48:32 IST" duration-ms="65885">
      <class name="testRunner.LogoutTestRunner">
        <test-method is-config="true" signature="setUpClass(org.testng.ITestContext)[pri:0, instance:testRunner.LogoutTestRunner@3214ee6]" started-at="2025-03-23T15:47:26 IST" name="setUpClass" finished-at="2025-03-23T15:47:26 IST" duration-ms="697" status="PASS">
          <params>
            <param index="0">
              <value>
                <![CDATA[org.testng.TestRunner@668cc9a2]]>
              </value>
            </param>
          </params>
          <reporter-output>
          </reporter-output>
        </test-method> <!-- setUpClass -->
        <test-method signature="runScenario(io.cucumber.testng.PickleWrapper,io.cucumber.testng.FeatureWrapper)[pri:0, instance:testRunner.LogoutTestRunner@3214ee6]" started-at="2025-03-23T15:47:26 IST" name="runScenario" description="Runs Cucumber Scenarios" data-provider="scenarios" finished-at="2025-03-23T15:48:31 IST" duration-ms="65065" status="PASS">
          <params>
            <param index="0">
              <value>
                <![CDATA["To check the Logout functionality"]]>
              </value>
            </param>
            <param index="1">
              <value>
                <![CDATA["Checking Logout Functionality"]]>
              </value>
            </param>
          </params>
          <reporter-output>
          </reporter-output>
        </test-method> <!-- runScenario -->
        <test-method is-config="true" signature="tearDownClass()[pri:0, instance:testRunner.LogoutTestRunner@3214ee6]" started-at="2025-03-23T15:48:32 IST" name="tearDownClass" finished-at="2025-03-23T15:48:32 IST" duration-ms="20" status="PASS">
          <reporter-output>
          </reporter-output>
        </test-method> <!-- tearDownClass -->
      </class> <!-- testRunner.LogoutTestRunner -->
    </test> <!-- Default test -->
  </suite> <!-- Default suite -->
</testng-results>
