<?xml version="1.0" encoding="UTF-8"?>
<!-- Generated by org.testng.reporters.JUnitReportReporter -->
<testsuite hostname="God-of-Mischeif" failures="0" tests="5" name="com.LUMA.testRunner.LumaLoginTestRunner" time="957.378" errors="1" timestamp="2025-03-22T15:22:14 IST" skipped="0">
  <testcase classname="com.LUMA.testRunner.LumaLoginTestRunner" name="runScenario" time="253.951"/>
  <testcase classname="com.LUMA.testRunner.LumaLoginTestRunner" name="runScenario" time="133.505"/>
  <testcase classname="com.LUMA.testRunner.LumaLoginTestRunner" name="runScenario" time="140.218"/>
  <testcase classname="com.LUMA.testRunner.LumaLoginTestRunner" name="runScenario" time="59.512">
    <error message="TODO: implement me" type="io.cucumber.java.PendingException">
      <![CDATA[io.cucumber.java.PendingException: TODO: implement me
at com.LUMA.stepDefinitions.AddingMultipleProductsStepDefination.user_clear_the_cart_elements(AddingMultipleProductsStepDefination.java:25)
at ✽.User clear the cart elements(file:///C:/Users/srikar/OneDrive/Desktop/LUMA/LUMA/src/test/resources/com.Luma.Feature/5s_AddMultipleProducts.feature:10)
]]>
    </error>
  </testcase> <!-- runScenario -->
  <testcase classname="com.LUMA.testRunner.LumaLoginTestRunner" name="runScenario" time="370.192"/>
</testsuite> <!-- com.LUMA.testRunner.LumaLoginTestRunner -->
